d:\university work\year 3\multiplayer and social\game\multiplayerplatformer\multiplayerplatformer\multiplayerplatformer\debug\vc140.pdb
d:\university work\year 3\multiplayer and social\game\multiplayerplatformer\multiplayerplatformer\multiplayerplatformer\debug\vc140.idb
d:\university work\year 3\multiplayer and social\game\multiplayerplatformer\multiplayerplatformer\multiplayerplatformer\debug\box.obj
d:\university work\year 3\multiplayer and social\game\multiplayerplatformer\multiplayerplatformer\multiplayerplatformer\debug\bullet.obj
d:\university work\year 3\multiplayer and social\game\multiplayerplatformer\multiplayerplatformer\multiplayerplatformer\debug\gamestate.obj
d:\university work\year 3\multiplayer and social\game\multiplayerplatformer\multiplayerplatformer\multiplayerplatformer\debug\main.obj
d:\university work\year 3\multiplayer and social\game\multiplayerplatformer\multiplayerplatformer\multiplayerplatformer\debug\player.obj
d:\university work\year 3\multiplayer and social\game\multiplayerplatformer\multiplayerplatformer\multiplayerplatformer\debug\tcpnetwork.obj
d:\university work\year 3\multiplayer and social\game\multiplayerplatformer\multiplayerplatformer\multiplayerplatformer\debug\platform.obj
d:\university work\year 3\multiplayer and social\game\multiplayerplatformer\multiplayerplatformer\multiplayerplatformer\debug\udpnetwork.obj
d:\university work\year 3\multiplayer and social\game\multiplayerplatformer\multiplayerplatformer\multiplayerplatformer\debug\netdata.pb.obj
d:\university work\year 3\multiplayer and social\game\multiplayerplatformer\multiplayerplatformer\multiplayerplatformer\debug\player.obj.enc
d:\university work\year 3\multiplayer and social\game\multiplayerplatformer\multiplayerplatformer\multiplayerplatformer\debug\udpnetwork.obj.enc
d:\university work\year 3\multiplayer and social\game\multiplayerplatformer\multiplayerplatformer\debug\multiplayerplatformer.pdb
d:\university work\year 3\multiplayer and social\game\multiplayerplatformer\multiplayerplatformer\multiplayerplatformer\debug\multipla.ce45b838.tlog\cl.command.1.tlog
d:\university work\year 3\multiplayer and social\game\multiplayerplatformer\multiplayerplatformer\multiplayerplatformer\debug\multipla.ce45b838.tlog\cl.read.1.tlog
d:\university work\year 3\multiplayer and social\game\multiplayerplatformer\multiplayerplatformer\multiplayerplatformer\debug\multipla.ce45b838.tlog\cl.write.1.tlog
d:\university work\year 3\multiplayer and social\game\multiplayerplatformer\multiplayerplatformer\multiplayerplatformer\debug\multipla.ce45b838.tlog\link-cvtres.read.1.tlog
d:\university work\year 3\multiplayer and social\game\multiplayerplatformer\multiplayerplatformer\multiplayerplatformer\debug\multipla.ce45b838.tlog\link-cvtres.write.1.tlog
d:\university work\year 3\multiplayer and social\game\multiplayerplatformer\multiplayerplatformer\multiplayerplatformer\debug\multipla.ce45b838.tlog\link-rc.read.1.tlog
d:\university work\year 3\multiplayer and social\game\multiplayerplatformer\multiplayerplatformer\multiplayerplatformer\debug\multipla.ce45b838.tlog\link-rc.write.1.tlog
d:\university work\year 3\multiplayer and social\game\multiplayerplatformer\multiplayerplatformer\multiplayerplatformer\debug\multipla.ce45b838.tlog\link.13916-cvtres.read.1.tlog
d:\university work\year 3\multiplayer and social\game\multiplayerplatformer\multiplayerplatformer\multiplayerplatformer\debug\multipla.ce45b838.tlog\link.13916-cvtres.write.1.tlog
d:\university work\year 3\multiplayer and social\game\multiplayerplatformer\multiplayerplatformer\multiplayerplatformer\debug\multipla.ce45b838.tlog\link.13916-rc.read.1.tlog
d:\university work\year 3\multiplayer and social\game\multiplayerplatformer\multiplayerplatformer\multiplayerplatformer\debug\multipla.ce45b838.tlog\link.13916-rc.write.1.tlog
d:\university work\year 3\multiplayer and social\game\multiplayerplatformer\multiplayerplatformer\multiplayerplatformer\debug\multipla.ce45b838.tlog\link.13916.read.1.tlog
d:\university work\year 3\multiplayer and social\game\multiplayerplatformer\multiplayerplatformer\multiplayerplatformer\debug\multipla.ce45b838.tlog\link.13916.write.1.tlog
d:\university work\year 3\multiplayer and social\game\multiplayerplatformer\multiplayerplatformer\multiplayerplatformer\debug\multipla.ce45b838.tlog\link.command.1.tlog
d:\university work\year 3\multiplayer and social\game\multiplayerplatformer\multiplayerplatformer\multiplayerplatformer\debug\multipla.ce45b838.tlog\link.read.1.tlog
d:\university work\year 3\multiplayer and social\game\multiplayerplatformer\multiplayerplatformer\multiplayerplatformer\debug\multipla.ce45b838.tlog\link.write.1.tlog
