  GameDataTCP.pb.cc
d:\university work\year 3\multiplayer and social\game\multiplayerplatformer\multiplayerplatformer\dependencies\protobuf\include\google\protobuf\stubs\logging.h(100): warning C4251: 'google::protobuf::internal::LogMessage::message_': class 'std::basic_string<char,std::char_traits<char>,std::allocator<char>>' needs to have dll-interface to be used by clients of class 'google::protobuf::internal::LogMessage'
  c:\program files (x86)\microsoft visual studio 14.0\vc\include\xstring(2633): note: see declaration of 'std::basic_string<char,std::char_traits<char>,std::allocator<char>>'
d:\university work\year 3\multiplayer and social\game\multiplayerplatformer\multiplayerplatformer\dependencies\protobuf\include\google\protobuf\arena.h(555): warning C4251: 'google::protobuf::Arena::lifecycle_id_generator_': class 'google::protobuf::internal::SequenceNumber' needs to have dll-interface to be used by clients of class 'google::protobuf::Arena'
  d:\university work\year 3\multiplayer and social\game\multiplayerplatformer\multiplayerplatformer\dependencies\protobuf\include\google\protobuf\stubs\atomic_sequence_num.h(39): note: see declaration of 'google::protobuf::internal::SequenceNumber'
d:\university work\year 3\multiplayer and social\game\multiplayerplatformer\multiplayerplatformer\dependencies\protobuf\include\google\protobuf\arena.h(914): warning C4251: 'google::protobuf::Arena::options_': struct 'google::protobuf::ArenaOptions' needs to have dll-interface to be used by clients of class 'google::protobuf::Arena'
  d:\university work\year 3\multiplayer and social\game\multiplayerplatformer\multiplayerplatformer\dependencies\protobuf\include\google\protobuf\arena.h(88): note: see declaration of 'google::protobuf::ArenaOptions'
d:\university work\year 3\multiplayer and social\game\multiplayerplatformer\multiplayerplatformer\dependencies\protobuf\include\google\protobuf\descriptor.h(1626): warning C4251: 'google::protobuf::DescriptorPool::tables_': class 'google::protobuf::internal::scoped_ptr<google::protobuf::DescriptorPool::Tables>' needs to have dll-interface to be used by clients of class 'google::protobuf::DescriptorPool'
  d:\university work\year 3\multiplayer and social\game\multiplayerplatformer\multiplayerplatformer\dependencies\protobuf\include\google\protobuf\descriptor.h(1626): note: see declaration of 'google::protobuf::internal::scoped_ptr<google::protobuf::DescriptorPool::Tables>'
d:\university work\year 3\multiplayer and social\game\multiplayerplatformer\multiplayerplatformer\dependencies\protobuf\include\google\protobuf\descriptor.h(1631): warning C4251: 'google::protobuf::DescriptorPool::unused_import_track_files_': class 'std::set<std::string,std::less<_Kty>,std::allocator<_Ty>>' needs to have dll-interface to be used by clients of class 'google::protobuf::DescriptorPool'
          with
          [
              _Kty=std::string,
              _Ty=std::string
          ]
  d:\university work\year 3\multiplayer and social\game\multiplayerplatformer\multiplayerplatformer\dependencies\protobuf\include\google\protobuf\descriptor.h(1631): note: see declaration of 'std::set<std::string,std::less<_Kty>,std::allocator<_Ty>>'
          with
          [
              _Kty=std::string,
              _Ty=std::string
          ]
d:\university work\year 3\multiplayer and social\game\multiplayerplatformer\multiplayerplatformer\dependencies\protobuf\include\google\protobuf\extension_set.h(632): warning C4251: 'google::protobuf::internal::ExtensionSet::extensions_': class 'std::map<int,google::protobuf::internal::ExtensionSet::Extension,std::less<int>,std::allocator<std::pair<const _Kty,_Ty>>>' needs to have dll-interface to be used by clients of class 'google::protobuf::internal::ExtensionSet'
          with
          [
              _Kty=int,
              _Ty=google::protobuf::internal::ExtensionSet::Extension
          ]
  d:\university work\year 3\multiplayer and social\game\multiplayerplatformer\multiplayerplatformer\dependencies\protobuf\include\google\protobuf\extension_set.h(561): note: see declaration of 'std::map<int,google::protobuf::internal::ExtensionSet::Extension,std::less<int>,std::allocator<std::pair<const _Kty,_Ty>>>'
          with
          [
              _Kty=int,
              _Ty=google::protobuf::internal::ExtensionSet::Extension
          ]
d:\university work\year 3\multiplayer and social\game\multiplayerplatformer\multiplayerplatformer\dependencies\protobuf\include\google\protobuf\descriptor.pb.h(270): warning C4251: 'google::protobuf::FileDescriptorSet::file_': class 'google::protobuf::RepeatedPtrField<google::protobuf::FileDescriptorProto>' needs to have dll-interface to be used by clients of class 'google::protobuf::FileDescriptorSet'
  d:\university work\year 3\multiplayer and social\game\multiplayerplatformer\multiplayerplatformer\dependencies\protobuf\include\google\protobuf\descriptor.pb.h(259): note: see declaration of 'google::protobuf::RepeatedPtrField<google::protobuf::FileDescriptorProto>'
d:\university work\year 3\multiplayer and social\game\multiplayerplatformer\multiplayerplatformer\dependencies\protobuf\include\google\protobuf\descriptor.pb.h(508): warning C4251: 'google::protobuf::FileDescriptorProto::dependency_': class 'google::protobuf::RepeatedPtrField<std::string>' needs to have dll-interface to be used by clients of class 'google::protobuf::FileDescriptorProto'
  d:\university work\year 3\multiplayer and social\game\multiplayerplatformer\multiplayerplatformer\dependencies\protobuf\include\google\protobuf\message.h(1098): note: see declaration of 'google::protobuf::RepeatedPtrField<std::string>'
d:\university work\year 3\multiplayer and social\game\multiplayerplatformer\multiplayerplatformer\dependencies\protobuf\include\google\protobuf\descriptor.pb.h(509): warning C4251: 'google::protobuf::FileDescriptorProto::public_dependency_': class 'google::protobuf::RepeatedField<google::protobuf::int32>' needs to have dll-interface to be used by clients of class 'google::protobuf::FileDescriptorProto'
  d:\university work\year 3\multiplayer and social\game\multiplayerplatformer\multiplayerplatformer\dependencies\protobuf\include\google\protobuf\message.h(1080): note: see declaration of 'google::protobuf::RepeatedField<google::protobuf::int32>'
d:\university work\year 3\multiplayer and social\game\multiplayerplatformer\multiplayerplatformer\dependencies\protobuf\include\google\protobuf\descriptor.pb.h(510): warning C4251: 'google::protobuf::FileDescriptorProto::weak_dependency_': class 'google::protobuf::RepeatedField<google::protobuf::int32>' needs to have dll-interface to be used by clients of class 'google::protobuf::FileDescriptorProto'
  d:\university work\year 3\multiplayer and social\game\multiplayerplatformer\multiplayerplatformer\dependencies\protobuf\include\google\protobuf\message.h(1080): note: see declaration of 'google::protobuf::RepeatedField<google::protobuf::int32>'
d:\university work\year 3\multiplayer and social\game\multiplayerplatformer\multiplayerplatformer\dependencies\protobuf\include\google\protobuf\descriptor.pb.h(511): warning C4251: 'google::protobuf::FileDescriptorProto::message_type_': class 'google::protobuf::RepeatedPtrField<google::protobuf::DescriptorProto>' needs to have dll-interface to be used by clients of class 'google::protobuf::FileDescriptorProto'
  d:\university work\year 3\multiplayer and social\game\multiplayerplatformer\multiplayerplatformer\dependencies\protobuf\include\google\protobuf\descriptor.pb.h(419): note: see declaration of 'google::protobuf::RepeatedPtrField<google::protobuf::DescriptorProto>'
d:\university work\year 3\multiplayer and social\game\multiplayerplatformer\multiplayerplatformer\dependencies\protobuf\include\google\protobuf\descriptor.pb.h(512): warning C4251: 'google::protobuf::FileDescriptorProto::enum_type_': class 'google::protobuf::RepeatedPtrField<google::protobuf::EnumDescriptorProto>' needs to have dll-interface to be used by clients of class 'google::protobuf::FileDescriptorProto'
  d:\university work\year 3\multiplayer and social\game\multiplayerplatformer\multiplayerplatformer\dependencies\protobuf\include\google\protobuf\descriptor.pb.h(431): note: see declaration of 'google::protobuf::RepeatedPtrField<google::protobuf::EnumDescriptorProto>'
d:\university work\year 3\multiplayer and social\game\multiplayerplatformer\multiplayerplatformer\dependencies\protobuf\include\google\protobuf\descriptor.pb.h(513): warning C4251: 'google::protobuf::FileDescriptorProto::service_': class 'google::protobuf::RepeatedPtrField<google::protobuf::ServiceDescriptorProto>' needs to have dll-interface to be used by clients of class 'google::protobuf::FileDescriptorProto'
  d:\university work\year 3\multiplayer and social\game\multiplayerplatformer\multiplayerplatformer\dependencies\protobuf\include\google\protobuf\descriptor.pb.h(443): note: see declaration of 'google::protobuf::RepeatedPtrField<google::protobuf::ServiceDescriptorProto>'
d:\university work\year 3\multiplayer and social\game\multiplayerplatformer\multiplayerplatformer\dependencies\protobuf\include\google\protobuf\descriptor.pb.h(514): warning C4251: 'google::protobuf::FileDescriptorProto::extension_': class 'google::protobuf::RepeatedPtrField<google::protobuf::FieldDescriptorProto>' needs to have dll-interface to be used by clients of class 'google::protobuf::FileDescriptorProto'
  d:\university work\year 3\multiplayer and social\game\multiplayerplatformer\multiplayerplatformer\dependencies\protobuf\include\google\protobuf\descriptor.pb.h(455): note: see declaration of 'google::protobuf::RepeatedPtrField<google::protobuf::FieldDescriptorProto>'
d:\university work\year 3\multiplayer and social\game\multiplayerplatformer\multiplayerplatformer\dependencies\protobuf\include\google\protobuf\descriptor.pb.h(936): warning C4251: 'google::protobuf::DescriptorProto::field_': class 'google::protobuf::RepeatedPtrField<google::protobuf::FieldDescriptorProto>' needs to have dll-interface to be used by clients of class 'google::protobuf::DescriptorProto'
  d:\university work\year 3\multiplayer and social\game\multiplayerplatformer\multiplayerplatformer\dependencies\protobuf\include\google\protobuf\descriptor.pb.h(455): note: see declaration of 'google::protobuf::RepeatedPtrField<google::protobuf::FieldDescriptorProto>'
d:\university work\year 3\multiplayer and social\game\multiplayerplatformer\multiplayerplatformer\dependencies\protobuf\include\google\protobuf\descriptor.pb.h(937): warning C4251: 'google::protobuf::DescriptorProto::extension_': class 'google::protobuf::RepeatedPtrField<google::protobuf::FieldDescriptorProto>' needs to have dll-interface to be used by clients of class 'google::protobuf::DescriptorProto'
  d:\university work\year 3\multiplayer and social\game\multiplayerplatformer\multiplayerplatformer\dependencies\protobuf\include\google\protobuf\descriptor.pb.h(455): note: see declaration of 'google::protobuf::RepeatedPtrField<google::protobuf::FieldDescriptorProto>'
d:\university work\year 3\multiplayer and social\game\multiplayerplatformer\multiplayerplatformer\dependencies\protobuf\include\google\protobuf\descriptor.pb.h(938): warning C4251: 'google::protobuf::DescriptorProto::nested_type_': class 'google::protobuf::RepeatedPtrField<google::protobuf::DescriptorProto>' needs to have dll-interface to be used by clients of class 'google::protobuf::DescriptorProto'
  d:\university work\year 3\multiplayer and social\game\multiplayerplatformer\multiplayerplatformer\dependencies\protobuf\include\google\protobuf\descriptor.pb.h(419): note: see declaration of 'google::protobuf::RepeatedPtrField<google::protobuf::DescriptorProto>'
d:\university work\year 3\multiplayer and social\game\multiplayerplatformer\multiplayerplatformer\dependencies\protobuf\include\google\protobuf\descriptor.pb.h(939): warning C4251: 'google::protobuf::DescriptorProto::enum_type_': class 'google::protobuf::RepeatedPtrField<google::protobuf::EnumDescriptorProto>' needs to have dll-interface to be used by clients of class 'google::protobuf::DescriptorProto'
  d:\university work\year 3\multiplayer and social\game\multiplayerplatformer\multiplayerplatformer\dependencies\protobuf\include\google\protobuf\descriptor.pb.h(431): note: see declaration of 'google::protobuf::RepeatedPtrField<google::protobuf::EnumDescriptorProto>'
d:\university work\year 3\multiplayer and social\game\multiplayerplatformer\multiplayerplatformer\dependencies\protobuf\include\google\protobuf\descriptor.pb.h(940): warning C4251: 'google::protobuf::DescriptorProto::extension_range_': class 'google::protobuf::RepeatedPtrField<google::protobuf::DescriptorProto_ExtensionRange>' needs to have dll-interface to be used by clients of class 'google::protobuf::DescriptorProto'
  d:\university work\year 3\multiplayer and social\game\multiplayerplatformer\multiplayerplatformer\dependencies\protobuf\include\google\protobuf\descriptor.pb.h(871): note: see declaration of 'google::protobuf::RepeatedPtrField<google::protobuf::DescriptorProto_ExtensionRange>'
d:\university work\year 3\multiplayer and social\game\multiplayerplatformer\multiplayerplatformer\dependencies\protobuf\include\google\protobuf\descriptor.pb.h(941): warning C4251: 'google::protobuf::DescriptorProto::oneof_decl_': class 'google::protobuf::RepeatedPtrField<google::protobuf::OneofDescriptorProto>' needs to have dll-interface to be used by clients of class 'google::protobuf::DescriptorProto'
  d:\university work\year 3\multiplayer and social\game\multiplayerplatformer\multiplayerplatformer\dependencies\protobuf\include\google\protobuf\descriptor.pb.h(883): note: see declaration of 'google::protobuf::RepeatedPtrField<google::protobuf::OneofDescriptorProto>'
d:\university work\year 3\multiplayer and social\game\multiplayerplatformer\multiplayerplatformer\dependencies\protobuf\include\google\protobuf\descriptor.pb.h(943): warning C4251: 'google::protobuf::DescriptorProto::reserved_range_': class 'google::protobuf::RepeatedPtrField<google::protobuf::DescriptorProto_ReservedRange>' needs to have dll-interface to be used by clients of class 'google::protobuf::DescriptorProto'
  d:\university work\year 3\multiplayer and social\game\multiplayerplatformer\multiplayerplatformer\dependencies\protobuf\include\google\protobuf\descriptor.pb.h(904): note: see declaration of 'google::protobuf::RepeatedPtrField<google::protobuf::DescriptorProto_ReservedRange>'
d:\university work\year 3\multiplayer and social\game\multiplayerplatformer\multiplayerplatformer\dependencies\protobuf\include\google\protobuf\descriptor.pb.h(944): warning C4251: 'google::protobuf::DescriptorProto::reserved_name_': class 'google::protobuf::RepeatedPtrField<std::string>' needs to have dll-interface to be used by clients of class 'google::protobuf::DescriptorProto'
  d:\university work\year 3\multiplayer and social\game\multiplayerplatformer\multiplayerplatformer\dependencies\protobuf\include\google\protobuf\message.h(1098): note: see declaration of 'google::protobuf::RepeatedPtrField<std::string>'
d:\university work\year 3\multiplayer and social\game\multiplayerplatformer\multiplayerplatformer\dependencies\protobuf\include\google\protobuf\descriptor.pb.h(1472): warning C4251: 'google::protobuf::EnumDescriptorProto::value_': class 'google::protobuf::RepeatedPtrField<google::protobuf::EnumValueDescriptorProto>' needs to have dll-interface to be used by clients of class 'google::protobuf::EnumDescriptorProto'
  d:\university work\year 3\multiplayer and social\game\multiplayerplatformer\multiplayerplatformer\dependencies\protobuf\include\google\protobuf\descriptor.pb.h(1447): note: see declaration of 'google::protobuf::RepeatedPtrField<google::protobuf::EnumValueDescriptorProto>'
d:\university work\year 3\multiplayer and social\game\multiplayerplatformer\multiplayerplatformer\dependencies\protobuf\include\google\protobuf\descriptor.pb.h(1715): warning C4251: 'google::protobuf::ServiceDescriptorProto::method_': class 'google::protobuf::RepeatedPtrField<google::protobuf::MethodDescriptorProto>' needs to have dll-interface to be used by clients of class 'google::protobuf::ServiceDescriptorProto'
  d:\university work\year 3\multiplayer and social\game\multiplayerplatformer\multiplayerplatformer\dependencies\protobuf\include\google\protobuf\descriptor.pb.h(1690): note: see declaration of 'google::protobuf::RepeatedPtrField<google::protobuf::MethodDescriptorProto>'
d:\university work\year 3\multiplayer and social\game\multiplayerplatformer\multiplayerplatformer\dependencies\protobuf\include\google\protobuf\descriptor.pb.h(2164): warning C4251: 'google::protobuf::FileOptions::uninterpreted_option_': class 'google::protobuf::RepeatedPtrField<google::protobuf::UninterpretedOption>' needs to have dll-interface to be used by clients of class 'google::protobuf::FileOptions'
  d:\university work\year 3\multiplayer and social\game\multiplayerplatformer\multiplayerplatformer\dependencies\protobuf\include\google\protobuf\descriptor.pb.h(2112): note: see declaration of 'google::protobuf::RepeatedPtrField<google::protobuf::UninterpretedOption>'
d:\university work\year 3\multiplayer and social\game\multiplayerplatformer\multiplayerplatformer\dependencies\protobuf\include\google\protobuf\descriptor.pb.h(2303): warning C4251: 'google::protobuf::MessageOptions::uninterpreted_option_': class 'google::protobuf::RepeatedPtrField<google::protobuf::UninterpretedOption>' needs to have dll-interface to be used by clients of class 'google::protobuf::MessageOptions'
  d:\university work\year 3\multiplayer and social\game\multiplayerplatformer\multiplayerplatformer\dependencies\protobuf\include\google\protobuf\descriptor.pb.h(2112): note: see declaration of 'google::protobuf::RepeatedPtrField<google::protobuf::UninterpretedOption>'
d:\university work\year 3\multiplayer and social\game\multiplayerplatformer\multiplayerplatformer\dependencies\protobuf\include\google\protobuf\descriptor.pb.h(2518): warning C4251: 'google::protobuf::FieldOptions::uninterpreted_option_': class 'google::protobuf::RepeatedPtrField<google::protobuf::UninterpretedOption>' needs to have dll-interface to be used by clients of class 'google::protobuf::FieldOptions'
  d:\university work\year 3\multiplayer and social\game\multiplayerplatformer\multiplayerplatformer\dependencies\protobuf\include\google\protobuf\descriptor.pb.h(2112): note: see declaration of 'google::protobuf::RepeatedPtrField<google::protobuf::UninterpretedOption>'
d:\university work\year 3\multiplayer and social\game\multiplayerplatformer\multiplayerplatformer\dependencies\protobuf\include\google\protobuf\descriptor.pb.h(2621): warning C4251: 'google::protobuf::OneofOptions::uninterpreted_option_': class 'google::protobuf::RepeatedPtrField<google::protobuf::UninterpretedOption>' needs to have dll-interface to be used by clients of class 'google::protobuf::OneofOptions'
  d:\university work\year 3\multiplayer and social\game\multiplayerplatformer\multiplayerplatformer\dependencies\protobuf\include\google\protobuf\descriptor.pb.h(2112): note: see declaration of 'google::protobuf::RepeatedPtrField<google::protobuf::UninterpretedOption>'
d:\university work\year 3\multiplayer and social\game\multiplayerplatformer\multiplayerplatformer\dependencies\protobuf\include\google\protobuf\descriptor.pb.h(2738): warning C4251: 'google::protobuf::EnumOptions::uninterpreted_option_': class 'google::protobuf::RepeatedPtrField<google::protobuf::UninterpretedOption>' needs to have dll-interface to be used by clients of class 'google::protobuf::EnumOptions'
  d:\university work\year 3\multiplayer and social\game\multiplayerplatformer\multiplayerplatformer\dependencies\protobuf\include\google\protobuf\descriptor.pb.h(2112): note: see declaration of 'google::protobuf::RepeatedPtrField<google::protobuf::UninterpretedOption>'
d:\university work\year 3\multiplayer and social\game\multiplayerplatformer\multiplayerplatformer\dependencies\protobuf\include\google\protobuf\descriptor.pb.h(2848): warning C4251: 'google::protobuf::EnumValueOptions::uninterpreted_option_': class 'google::protobuf::RepeatedPtrField<google::protobuf::UninterpretedOption>' needs to have dll-interface to be used by clients of class 'google::protobuf::EnumValueOptions'
  d:\university work\year 3\multiplayer and social\game\multiplayerplatformer\multiplayerplatformer\dependencies\protobuf\include\google\protobuf\descriptor.pb.h(2112): note: see declaration of 'google::protobuf::RepeatedPtrField<google::protobuf::UninterpretedOption>'
d:\university work\year 3\multiplayer and social\game\multiplayerplatformer\multiplayerplatformer\dependencies\protobuf\include\google\protobuf\descriptor.pb.h(2957): warning C4251: 'google::protobuf::ServiceOptions::uninterpreted_option_': class 'google::protobuf::RepeatedPtrField<google::protobuf::UninterpretedOption>' needs to have dll-interface to be used by clients of class 'google::protobuf::ServiceOptions'
  d:\university work\year 3\multiplayer and social\game\multiplayerplatformer\multiplayerplatformer\dependencies\protobuf\include\google\protobuf\descriptor.pb.h(2112): note: see declaration of 'google::protobuf::RepeatedPtrField<google::protobuf::UninterpretedOption>'
d:\university work\year 3\multiplayer and social\game\multiplayerplatformer\multiplayerplatformer\dependencies\protobuf\include\google\protobuf\descriptor.pb.h(3066): warning C4251: 'google::protobuf::MethodOptions::uninterpreted_option_': class 'google::protobuf::RepeatedPtrField<google::protobuf::UninterpretedOption>' needs to have dll-interface to be used by clients of class 'google::protobuf::MethodOptions'
  d:\university work\year 3\multiplayer and social\game\multiplayerplatformer\multiplayerplatformer\dependencies\protobuf\include\google\protobuf\descriptor.pb.h(2112): note: see declaration of 'google::protobuf::RepeatedPtrField<google::protobuf::UninterpretedOption>'
d:\university work\year 3\multiplayer and social\game\multiplayerplatformer\multiplayerplatformer\dependencies\protobuf\include\google\protobuf\descriptor.pb.h(3345): warning C4251: 'google::protobuf::UninterpretedOption::name_': class 'google::protobuf::RepeatedPtrField<google::protobuf::UninterpretedOption_NamePart>' needs to have dll-interface to be used by clients of class 'google::protobuf::UninterpretedOption'
  d:\university work\year 3\multiplayer and social\game\multiplayerplatformer\multiplayerplatformer\dependencies\protobuf\include\google\protobuf\descriptor.pb.h(3265): note: see declaration of 'google::protobuf::RepeatedPtrField<google::protobuf::UninterpretedOption_NamePart>'
d:\university work\year 3\multiplayer and social\game\multiplayerplatformer\multiplayerplatformer\dependencies\protobuf\include\google\protobuf\descriptor.pb.h(3503): warning C4251: 'google::protobuf::SourceCodeInfo_Location::path_': class 'google::protobuf::RepeatedField<google::protobuf::int32>' needs to have dll-interface to be used by clients of class 'google::protobuf::SourceCodeInfo_Location'
  d:\university work\year 3\multiplayer and social\game\multiplayerplatformer\multiplayerplatformer\dependencies\protobuf\include\google\protobuf\message.h(1080): note: see declaration of 'google::protobuf::RepeatedField<google::protobuf::int32>'
d:\university work\year 3\multiplayer and social\game\multiplayerplatformer\multiplayerplatformer\dependencies\protobuf\include\google\protobuf\descriptor.pb.h(3505): warning C4251: 'google::protobuf::SourceCodeInfo_Location::span_': class 'google::protobuf::RepeatedField<google::protobuf::int32>' needs to have dll-interface to be used by clients of class 'google::protobuf::SourceCodeInfo_Location'
  d:\university work\year 3\multiplayer and social\game\multiplayerplatformer\multiplayerplatformer\dependencies\protobuf\include\google\protobuf\message.h(1080): note: see declaration of 'google::protobuf::RepeatedField<google::protobuf::int32>'
d:\university work\year 3\multiplayer and social\game\multiplayerplatformer\multiplayerplatformer\dependencies\protobuf\include\google\protobuf\descriptor.pb.h(3509): warning C4251: 'google::protobuf::SourceCodeInfo_Location::leading_detached_comments_': class 'google::protobuf::RepeatedPtrField<std::string>' needs to have dll-interface to be used by clients of class 'google::protobuf::SourceCodeInfo_Location'
  d:\university work\year 3\multiplayer and social\game\multiplayerplatformer\multiplayerplatformer\dependencies\protobuf\include\google\protobuf\message.h(1098): note: see declaration of 'google::protobuf::RepeatedPtrField<std::string>'
d:\university work\year 3\multiplayer and social\game\multiplayerplatformer\multiplayerplatformer\dependencies\protobuf\include\google\protobuf\descriptor.pb.h(3607): warning C4251: 'google::protobuf::SourceCodeInfo::location_': class 'google::protobuf::RepeatedPtrField<google::protobuf::SourceCodeInfo_Location>' needs to have dll-interface to be used by clients of class 'google::protobuf::SourceCodeInfo'
  d:\university work\year 3\multiplayer and social\game\multiplayerplatformer\multiplayerplatformer\dependencies\protobuf\include\google\protobuf\descriptor.pb.h(3596): note: see declaration of 'google::protobuf::RepeatedPtrField<google::protobuf::SourceCodeInfo_Location>'
d:\university work\year 3\multiplayer and social\game\multiplayerplatformer\multiplayerplatformer\dependencies\protobuf\include\google\protobuf\descriptor.pb.h(3735): warning C4251: 'google::protobuf::GeneratedCodeInfo_Annotation::path_': class 'google::protobuf::RepeatedField<google::protobuf::int32>' needs to have dll-interface to be used by clients of class 'google::protobuf::GeneratedCodeInfo_Annotation'
  d:\university work\year 3\multiplayer and social\game\multiplayerplatformer\multiplayerplatformer\dependencies\protobuf\include\google\protobuf\message.h(1080): note: see declaration of 'google::protobuf::RepeatedField<google::protobuf::int32>'
d:\university work\year 3\multiplayer and social\game\multiplayerplatformer\multiplayerplatformer\dependencies\protobuf\include\google\protobuf\descriptor.pb.h(3837): warning C4251: 'google::protobuf::GeneratedCodeInfo::annotation_': class 'google::protobuf::RepeatedPtrField<google::protobuf::GeneratedCodeInfo_Annotation>' needs to have dll-interface to be used by clients of class 'google::protobuf::GeneratedCodeInfo'
  d:\university work\year 3\multiplayer and social\game\multiplayerplatformer\multiplayerplatformer\dependencies\protobuf\include\google\protobuf\descriptor.pb.h(3826): note: see declaration of 'google::protobuf::RepeatedPtrField<google::protobuf::GeneratedCodeInfo_Annotation>'
  Generating Code...
  Skipping... (no relevant changes detected)
  main.cpp
  UDPNetwork.cpp
  TCPNetwork.cpp
  GameState.cpp
  GameDataUDP.pb.cc
  MultiplayerPlatformer.vcxproj -> D:\University Work\Year 3\Multiplayer and Social\Game\MultiplayerPlatformer\MultiplayerPlatformer\Debug\MultiplayerPlatformer.exe
  MultiplayerPlatformer.vcxproj -> D:\University Work\Year 3\Multiplayer and Social\Game\MultiplayerPlatformer\MultiplayerPlatformer\Debug\MultiplayerPlatformer.pdb (Partial PDB)
