  GameDataTCP.pb.cc
D:\University Work\Year 3\Multiplayer and Social\Game\MultiplayerPlatformer\MultiplayerPlatformer\Dependencies\Protobuf\Include\google/protobuf/stubs/logging.h(100): warning C4251: 'google::protobuf::internal::LogMessage::message_': class 'std::basic_string<char,std::char_traits<char>,std::allocator<char>>' needs to have dll-interface to be used by clients of class 'google::protobuf::internal::LogMessage'
  C:\Program Files (x86)\Microsoft Visual Studio 14.0\VC\include\xstring(2633): note: see declaration of 'std::basic_string<char,std::char_traits<char>,std::allocator<char>>'
D:\University Work\Year 3\Multiplayer and Social\Game\MultiplayerPlatformer\MultiplayerPlatformer\Dependencies\Protobuf\Include\google/protobuf/arena.h(555): warning C4251: 'google::protobuf::Arena::lifecycle_id_generator_': class 'google::protobuf::internal::SequenceNumber' needs to have dll-interface to be used by clients of class 'google::protobuf::Arena'
  D:\University Work\Year 3\Multiplayer and Social\Game\MultiplayerPlatformer\MultiplayerPlatformer\Dependencies\Protobuf\Include\google/protobuf/stubs/atomic_sequence_num.h(39): note: see declaration of 'google::protobuf::internal::SequenceNumber'
D:\University Work\Year 3\Multiplayer and Social\Game\MultiplayerPlatformer\MultiplayerPlatformer\Dependencies\Protobuf\Include\google/protobuf/arena.h(914): warning C4251: 'google::protobuf::Arena::options_': struct 'google::protobuf::ArenaOptions' needs to have dll-interface to be used by clients of class 'google::protobuf::Arena'
  D:\University Work\Year 3\Multiplayer and Social\Game\MultiplayerPlatformer\MultiplayerPlatformer\Dependencies\Protobuf\Include\google/protobuf/arena.h(88): note: see declaration of 'google::protobuf::ArenaOptions'
D:\University Work\Year 3\Multiplayer and Social\Game\MultiplayerPlatformer\MultiplayerPlatformer\Dependencies\Protobuf\Include\google/protobuf/descriptor.h(1626): warning C4251: 'google::protobuf::DescriptorPool::tables_': class 'google::protobuf::internal::scoped_ptr<google::protobuf::DescriptorPool::Tables>' needs to have dll-interface to be used by clients of class 'google::protobuf::DescriptorPool'
  D:\University Work\Year 3\Multiplayer and Social\Game\MultiplayerPlatformer\MultiplayerPlatformer\Dependencies\Protobuf\Include\google/protobuf/descriptor.h(1626): note: see declaration of 'google::protobuf::internal::scoped_ptr<google::protobuf::DescriptorPool::Tables>'
D:\University Work\Year 3\Multiplayer and Social\Game\MultiplayerPlatformer\MultiplayerPlatformer\Dependencies\Protobuf\Include\google/protobuf/descriptor.h(1631): warning C4251: 'google::protobuf::DescriptorPool::unused_import_track_files_': class 'std::set<std::string,std::less<_Kty>,std::allocator<_Ty>>' needs to have dll-interface to be used by clients of class 'google::protobuf::DescriptorPool'
          with
          [
              _Kty=std::string,
              _Ty=std::string
          ]
  D:\University Work\Year 3\Multiplayer and Social\Game\MultiplayerPlatformer\MultiplayerPlatformer\Dependencies\Protobuf\Include\google/protobuf/descriptor.h(1631): note: see declaration of 'std::set<std::string,std::less<_Kty>,std::allocator<_Ty>>'
          with
          [
              _Kty=std::string,
              _Ty=std::string
          ]
D:\University Work\Year 3\Multiplayer and Social\Game\MultiplayerPlatformer\MultiplayerPlatformer\Dependencies\Protobuf\Include\google/protobuf/extension_set.h(632): warning C4251: 'google::protobuf::internal::ExtensionSet::extensions_': class 'std::map<int,google::protobuf::internal::ExtensionSet::Extension,std::less<int>,std::allocator<std::pair<const _Kty,_Ty>>>' needs to have dll-interface to be used by clients of class 'google::protobuf::internal::ExtensionSet'
          with
          [
              _Kty=int,
              _Ty=google::protobuf::internal::ExtensionSet::Extension
          ]
  D:\University Work\Year 3\Multiplayer and Social\Game\MultiplayerPlatformer\MultiplayerPlatformer\Dependencies\Protobuf\Include\google/protobuf/extension_set.h(561): note: see declaration of 'std::map<int,google::protobuf::internal::ExtensionSet::Extension,std::less<int>,std::allocator<std::pair<const _Kty,_Ty>>>'
          with
          [
              _Kty=int,
              _Ty=google::protobuf::internal::ExtensionSet::Extension
          ]
D:\University Work\Year 3\Multiplayer and Social\Game\MultiplayerPlatformer\MultiplayerPlatformer\Dependencies\Protobuf\Include\google/protobuf/descriptor.pb.h(270): warning C4251: 'google::protobuf::FileDescriptorSet::file_': class 'google::protobuf::RepeatedPtrField<google::protobuf::FileDescriptorProto>' needs to have dll-interface to be used by clients of class 'google::protobuf::FileDescriptorSet'
  D:\University Work\Year 3\Multiplayer and Social\Game\MultiplayerPlatformer\MultiplayerPlatformer\Dependencies\Protobuf\Include\google/protobuf/descriptor.pb.h(259): note: see declaration of 'google::protobuf::RepeatedPtrField<google::protobuf::FileDescriptorProto>'
D:\University Work\Year 3\Multiplayer and Social\Game\MultiplayerPlatformer\MultiplayerPlatformer\Dependencies\Protobuf\Include\google/protobuf/descriptor.pb.h(508): warning C4251: 'google::protobuf::FileDescriptorProto::dependency_': class 'google::protobuf::RepeatedPtrField<std::string>' needs to have dll-interface to be used by clients of class 'google::protobuf::FileDescriptorProto'
  D:\University Work\Year 3\Multiplayer and Social\Game\MultiplayerPlatformer\MultiplayerPlatformer\Dependencies\Protobuf\Include\google/protobuf/message.h(1098): note: see declaration of 'google::protobuf::RepeatedPtrField<std::string>'
D:\University Work\Year 3\Multiplayer and Social\Game\MultiplayerPlatformer\MultiplayerPlatformer\Dependencies\Protobuf\Include\google/protobuf/descriptor.pb.h(509): warning C4251: 'google::protobuf::FileDescriptorProto::public_dependency_': class 'google::protobuf::RepeatedField<google::protobuf::int32>' needs to have dll-interface to be used by clients of class 'google::protobuf::FileDescriptorProto'
  D:\University Work\Year 3\Multiplayer and Social\Game\MultiplayerPlatformer\MultiplayerPlatformer\Dependencies\Protobuf\Include\google/protobuf/message.h(1080): note: see declaration of 'google::protobuf::RepeatedField<google::protobuf::int32>'
D:\University Work\Year 3\Multiplayer and Social\Game\MultiplayerPlatformer\MultiplayerPlatformer\Dependencies\Protobuf\Include\google/protobuf/descriptor.pb.h(510): warning C4251: 'google::protobuf::FileDescriptorProto::weak_dependency_': class 'google::protobuf::RepeatedField<google::protobuf::int32>' needs to have dll-interface to be used by clients of class 'google::protobuf::FileDescriptorProto'
  D:\University Work\Year 3\Multiplayer and Social\Game\MultiplayerPlatformer\MultiplayerPlatformer\Dependencies\Protobuf\Include\google/protobuf/message.h(1080): note: see declaration of 'google::protobuf::RepeatedField<google::protobuf::int32>'
D:\University Work\Year 3\Multiplayer and Social\Game\MultiplayerPlatformer\MultiplayerPlatformer\Dependencies\Protobuf\Include\google/protobuf/descriptor.pb.h(511): warning C4251: 'google::protobuf::FileDescriptorProto::message_type_': class 'google::protobuf::RepeatedPtrField<google::protobuf::DescriptorProto>' needs to have dll-interface to be used by clients of class 'google::protobuf::FileDescriptorProto'
  D:\University Work\Year 3\Multiplayer and Social\Game\MultiplayerPlatformer\MultiplayerPlatformer\Dependencies\Protobuf\Include\google/protobuf/descriptor.pb.h(419): note: see declaration of 'google::protobuf::RepeatedPtrField<google::protobuf::DescriptorProto>'
D:\University Work\Year 3\Multiplayer and Social\Game\MultiplayerPlatformer\MultiplayerPlatformer\Dependencies\Protobuf\Include\google/protobuf/descriptor.pb.h(512): warning C4251: 'google::protobuf::FileDescriptorProto::enum_type_': class 'google::protobuf::RepeatedPtrField<google::protobuf::EnumDescriptorProto>' needs to have dll-interface to be used by clients of class 'google::protobuf::FileDescriptorProto'
  D:\University Work\Year 3\Multiplayer and Social\Game\MultiplayerPlatformer\MultiplayerPlatformer\Dependencies\Protobuf\Include\google/protobuf/descriptor.pb.h(431): note: see declaration of 'google::protobuf::RepeatedPtrField<google::protobuf::EnumDescriptorProto>'
D:\University Work\Year 3\Multiplayer and Social\Game\MultiplayerPlatformer\MultiplayerPlatformer\Dependencies\Protobuf\Include\google/protobuf/descriptor.pb.h(513): warning C4251: 'google::protobuf::FileDescriptorProto::service_': class 'google::protobuf::RepeatedPtrField<google::protobuf::ServiceDescriptorProto>' needs to have dll-interface to be used by clients of class 'google::protobuf::FileDescriptorProto'
  D:\University Work\Year 3\Multiplayer and Social\Game\MultiplayerPlatformer\MultiplayerPlatformer\Dependencies\Protobuf\Include\google/protobuf/descriptor.pb.h(443): note: see declaration of 'google::protobuf::RepeatedPtrField<google::protobuf::ServiceDescriptorProto>'
D:\University Work\Year 3\Multiplayer and Social\Game\MultiplayerPlatformer\MultiplayerPlatformer\Dependencies\Protobuf\Include\google/protobuf/descriptor.pb.h(514): warning C4251: 'google::protobuf::FileDescriptorProto::extension_': class 'google::protobuf::RepeatedPtrField<google::protobuf::FieldDescriptorProto>' needs to have dll-interface to be used by clients of class 'google::protobuf::FileDescriptorProto'
  D:\University Work\Year 3\Multiplayer and Social\Game\MultiplayerPlatformer\MultiplayerPlatformer\Dependencies\Protobuf\Include\google/protobuf/descriptor.pb.h(455): note: see declaration of 'google::protobuf::RepeatedPtrField<google::protobuf::FieldDescriptorProto>'
D:\University Work\Year 3\Multiplayer and Social\Game\MultiplayerPlatformer\MultiplayerPlatformer\Dependencies\Protobuf\Include\google/protobuf/descriptor.pb.h(936): warning C4251: 'google::protobuf::DescriptorProto::field_': class 'google::protobuf::RepeatedPtrField<google::protobuf::FieldDescriptorProto>' needs to have dll-interface to be used by clients of class 'google::protobuf::DescriptorProto'
  D:\University Work\Year 3\Multiplayer and Social\Game\MultiplayerPlatformer\MultiplayerPlatformer\Dependencies\Protobuf\Include\google/protobuf/descriptor.pb.h(455): note: see declaration of 'google::protobuf::RepeatedPtrField<google::protobuf::FieldDescriptorProto>'
D:\University Work\Year 3\Multiplayer and Social\Game\MultiplayerPlatformer\MultiplayerPlatformer\Dependencies\Protobuf\Include\google/protobuf/descriptor.pb.h(937): warning C4251: 'google::protobuf::DescriptorProto::extension_': class 'google::protobuf::RepeatedPtrField<google::protobuf::FieldDescriptorProto>' needs to have dll-interface to be used by clients of class 'google::protobuf::DescriptorProto'
  D:\University Work\Year 3\Multiplayer and Social\Game\MultiplayerPlatformer\MultiplayerPlatformer\Dependencies\Protobuf\Include\google/protobuf/descriptor.pb.h(455): note: see declaration of 'google::protobuf::RepeatedPtrField<google::protobuf::FieldDescriptorProto>'
D:\University Work\Year 3\Multiplayer and Social\Game\MultiplayerPlatformer\MultiplayerPlatformer\Dependencies\Protobuf\Include\google/protobuf/descriptor.pb.h(938): warning C4251: 'google::protobuf::DescriptorProto::nested_type_': class 'google::protobuf::RepeatedPtrField<google::protobuf::DescriptorProto>' needs to have dll-interface to be used by clients of class 'google::protobuf::DescriptorProto'
  D:\University Work\Year 3\Multiplayer and Social\Game\MultiplayerPlatformer\MultiplayerPlatformer\Dependencies\Protobuf\Include\google/protobuf/descriptor.pb.h(419): note: see declaration of 'google::protobuf::RepeatedPtrField<google::protobuf::DescriptorProto>'
D:\University Work\Year 3\Multiplayer and Social\Game\MultiplayerPlatformer\MultiplayerPlatformer\Dependencies\Protobuf\Include\google/protobuf/descriptor.pb.h(939): warning C4251: 'google::protobuf::DescriptorProto::enum_type_': class 'google::protobuf::RepeatedPtrField<google::protobuf::EnumDescriptorProto>' needs to have dll-interface to be used by clients of class 'google::protobuf::DescriptorProto'
  D:\University Work\Year 3\Multiplayer and Social\Game\MultiplayerPlatformer\MultiplayerPlatformer\Dependencies\Protobuf\Include\google/protobuf/descriptor.pb.h(431): note: see declaration of 'google::protobuf::RepeatedPtrField<google::protobuf::EnumDescriptorProto>'
D:\University Work\Year 3\Multiplayer and Social\Game\MultiplayerPlatformer\MultiplayerPlatformer\Dependencies\Protobuf\Include\google/protobuf/descriptor.pb.h(940): warning C4251: 'google::protobuf::DescriptorProto::extension_range_': class 'google::protobuf::RepeatedPtrField<google::protobuf::DescriptorProto_ExtensionRange>' needs to have dll-interface to be used by clients of class 'google::protobuf::DescriptorProto'
  D:\University Work\Year 3\Multiplayer and Social\Game\MultiplayerPlatformer\MultiplayerPlatformer\Dependencies\Protobuf\Include\google/protobuf/descriptor.pb.h(871): note: see declaration of 'google::protobuf::RepeatedPtrField<google::protobuf::DescriptorProto_ExtensionRange>'
D:\University Work\Year 3\Multiplayer and Social\Game\MultiplayerPlatformer\MultiplayerPlatformer\Dependencies\Protobuf\Include\google/protobuf/descriptor.pb.h(941): warning C4251: 'google::protobuf::DescriptorProto::oneof_decl_': class 'google::protobuf::RepeatedPtrField<google::protobuf::OneofDescriptorProto>' needs to have dll-interface to be used by clients of class 'google::protobuf::DescriptorProto'
  D:\University Work\Year 3\Multiplayer and Social\Game\MultiplayerPlatformer\MultiplayerPlatformer\Dependencies\Protobuf\Include\google/protobuf/descriptor.pb.h(883): note: see declaration of 'google::protobuf::RepeatedPtrField<google::protobuf::OneofDescriptorProto>'
D:\University Work\Year 3\Multiplayer and Social\Game\MultiplayerPlatformer\MultiplayerPlatformer\Dependencies\Protobuf\Include\google/protobuf/descriptor.pb.h(943): warning C4251: 'google::protobuf::DescriptorProto::reserved_range_': class 'google::protobuf::RepeatedPtrField<google::protobuf::DescriptorProto_ReservedRange>' needs to have dll-interface to be used by clients of class 'google::protobuf::DescriptorProto'
  D:\University Work\Year 3\Multiplayer and Social\Game\MultiplayerPlatformer\MultiplayerPlatformer\Dependencies\Protobuf\Include\google/protobuf/descriptor.pb.h(904): note: see declaration of 'google::protobuf::RepeatedPtrField<google::protobuf::DescriptorProto_ReservedRange>'
D:\University Work\Year 3\Multiplayer and Social\Game\MultiplayerPlatformer\MultiplayerPlatformer\Dependencies\Protobuf\Include\google/protobuf/descriptor.pb.h(944): warning C4251: 'google::protobuf::DescriptorProto::reserved_name_': class 'google::protobuf::RepeatedPtrField<std::string>' needs to have dll-interface to be used by clients of class 'google::protobuf::DescriptorProto'
  D:\University Work\Year 3\Multiplayer and Social\Game\MultiplayerPlatformer\MultiplayerPlatformer\Dependencies\Protobuf\Include\google/protobuf/message.h(1098): note: see declaration of 'google::protobuf::RepeatedPtrField<std::string>'
D:\University Work\Year 3\Multiplayer and Social\Game\MultiplayerPlatformer\MultiplayerPlatformer\Dependencies\Protobuf\Include\google/protobuf/descriptor.pb.h(1472): warning C4251: 'google::protobuf::EnumDescriptorProto::value_': class 'google::protobuf::RepeatedPtrField<google::protobuf::EnumValueDescriptorProto>' needs to have dll-interface to be used by clients of class 'google::protobuf::EnumDescriptorProto'
  D:\University Work\Year 3\Multiplayer and Social\Game\MultiplayerPlatformer\MultiplayerPlatformer\Dependencies\Protobuf\Include\google/protobuf/descriptor.pb.h(1447): note: see declaration of 'google::protobuf::RepeatedPtrField<google::protobuf::EnumValueDescriptorProto>'
D:\University Work\Year 3\Multiplayer and Social\Game\MultiplayerPlatformer\MultiplayerPlatformer\Dependencies\Protobuf\Include\google/protobuf/descriptor.pb.h(1715): warning C4251: 'google::protobuf::ServiceDescriptorProto::method_': class 'google::protobuf::RepeatedPtrField<google::protobuf::MethodDescriptorProto>' needs to have dll-interface to be used by clients of class 'google::protobuf::ServiceDescriptorProto'
  D:\University Work\Year 3\Multiplayer and Social\Game\MultiplayerPlatformer\MultiplayerPlatformer\Dependencies\Protobuf\Include\google/protobuf/descriptor.pb.h(1690): note: see declaration of 'google::protobuf::RepeatedPtrField<google::protobuf::MethodDescriptorProto>'
D:\University Work\Year 3\Multiplayer and Social\Game\MultiplayerPlatformer\MultiplayerPlatformer\Dependencies\Protobuf\Include\google/protobuf/descriptor.pb.h(2164): warning C4251: 'google::protobuf::FileOptions::uninterpreted_option_': class 'google::protobuf::RepeatedPtrField<google::protobuf::UninterpretedOption>' needs to have dll-interface to be used by clients of class 'google::protobuf::FileOptions'
  D:\University Work\Year 3\Multiplayer and Social\Game\MultiplayerPlatformer\MultiplayerPlatformer\Dependencies\Protobuf\Include\google/protobuf/descriptor.pb.h(2112): note: see declaration of 'google::protobuf::RepeatedPtrField<google::protobuf::UninterpretedOption>'
D:\University Work\Year 3\Multiplayer and Social\Game\MultiplayerPlatformer\MultiplayerPlatformer\Dependencies\Protobuf\Include\google/protobuf/descriptor.pb.h(2303): warning C4251: 'google::protobuf::MessageOptions::uninterpreted_option_': class 'google::protobuf::RepeatedPtrField<google::protobuf::UninterpretedOption>' needs to have dll-interface to be used by clients of class 'google::protobuf::MessageOptions'
  D:\University Work\Year 3\Multiplayer and Social\Game\MultiplayerPlatformer\MultiplayerPlatformer\Dependencies\Protobuf\Include\google/protobuf/descriptor.pb.h(2112): note: see declaration of 'google::protobuf::RepeatedPtrField<google::protobuf::UninterpretedOption>'
D:\University Work\Year 3\Multiplayer and Social\Game\MultiplayerPlatformer\MultiplayerPlatformer\Dependencies\Protobuf\Include\google/protobuf/descriptor.pb.h(2518): warning C4251: 'google::protobuf::FieldOptions::uninterpreted_option_': class 'google::protobuf::RepeatedPtrField<google::protobuf::UninterpretedOption>' needs to have dll-interface to be used by clients of class 'google::protobuf::FieldOptions'
  D:\University Work\Year 3\Multiplayer and Social\Game\MultiplayerPlatformer\MultiplayerPlatformer\Dependencies\Protobuf\Include\google/protobuf/descriptor.pb.h(2112): note: see declaration of 'google::protobuf::RepeatedPtrField<google::protobuf::UninterpretedOption>'
D:\University Work\Year 3\Multiplayer and Social\Game\MultiplayerPlatformer\MultiplayerPlatformer\Dependencies\Protobuf\Include\google/protobuf/descriptor.pb.h(2621): warning C4251: 'google::protobuf::OneofOptions::uninterpreted_option_': class 'google::protobuf::RepeatedPtrField<google::protobuf::UninterpretedOption>' needs to have dll-interface to be used by clients of class 'google::protobuf::OneofOptions'
  D:\University Work\Year 3\Multiplayer and Social\Game\MultiplayerPlatformer\MultiplayerPlatformer\Dependencies\Protobuf\Include\google/protobuf/descriptor.pb.h(2112): note: see declaration of 'google::protobuf::RepeatedPtrField<google::protobuf::UninterpretedOption>'
D:\University Work\Year 3\Multiplayer and Social\Game\MultiplayerPlatformer\MultiplayerPlatformer\Dependencies\Protobuf\Include\google/protobuf/descriptor.pb.h(2738): warning C4251: 'google::protobuf::EnumOptions::uninterpreted_option_': class 'google::protobuf::RepeatedPtrField<google::protobuf::UninterpretedOption>' needs to have dll-interface to be used by clients of class 'google::protobuf::EnumOptions'
  D:\University Work\Year 3\Multiplayer and Social\Game\MultiplayerPlatformer\MultiplayerPlatformer\Dependencies\Protobuf\Include\google/protobuf/descriptor.pb.h(2112): note: see declaration of 'google::protobuf::RepeatedPtrField<google::protobuf::UninterpretedOption>'
D:\University Work\Year 3\Multiplayer and Social\Game\MultiplayerPlatformer\MultiplayerPlatformer\Dependencies\Protobuf\Include\google/protobuf/descriptor.pb.h(2848): warning C4251: 'google::protobuf::EnumValueOptions::uninterpreted_option_': class 'google::protobuf::RepeatedPtrField<google::protobuf::UninterpretedOption>' needs to have dll-interface to be used by clients of class 'google::protobuf::EnumValueOptions'
  D:\University Work\Year 3\Multiplayer and Social\Game\MultiplayerPlatformer\MultiplayerPlatformer\Dependencies\Protobuf\Include\google/protobuf/descriptor.pb.h(2112): note: see declaration of 'google::protobuf::RepeatedPtrField<google::protobuf::UninterpretedOption>'
D:\University Work\Year 3\Multiplayer and Social\Game\MultiplayerPlatformer\MultiplayerPlatformer\Dependencies\Protobuf\Include\google/protobuf/descriptor.pb.h(2957): warning C4251: 'google::protobuf::ServiceOptions::uninterpreted_option_': class 'google::protobuf::RepeatedPtrField<google::protobuf::UninterpretedOption>' needs to have dll-interface to be used by clients of class 'google::protobuf::ServiceOptions'
  D:\University Work\Year 3\Multiplayer and Social\Game\MultiplayerPlatformer\MultiplayerPlatformer\Dependencies\Protobuf\Include\google/protobuf/descriptor.pb.h(2112): note: see declaration of 'google::protobuf::RepeatedPtrField<google::protobuf::UninterpretedOption>'
D:\University Work\Year 3\Multiplayer and Social\Game\MultiplayerPlatformer\MultiplayerPlatformer\Dependencies\Protobuf\Include\google/protobuf/descriptor.pb.h(3066): warning C4251: 'google::protobuf::MethodOptions::uninterpreted_option_': class 'google::protobuf::RepeatedPtrField<google::protobuf::UninterpretedOption>' needs to have dll-interface to be used by clients of class 'google::protobuf::MethodOptions'
  D:\University Work\Year 3\Multiplayer and Social\Game\MultiplayerPlatformer\MultiplayerPlatformer\Dependencies\Protobuf\Include\google/protobuf/descriptor.pb.h(2112): note: see declaration of 'google::protobuf::RepeatedPtrField<google::protobuf::UninterpretedOption>'
D:\University Work\Year 3\Multiplayer and Social\Game\MultiplayerPlatformer\MultiplayerPlatformer\Dependencies\Protobuf\Include\google/protobuf/descriptor.pb.h(3345): warning C4251: 'google::protobuf::UninterpretedOption::name_': class 'google::protobuf::RepeatedPtrField<google::protobuf::UninterpretedOption_NamePart>' needs to have dll-interface to be used by clients of class 'google::protobuf::UninterpretedOption'
  D:\University Work\Year 3\Multiplayer and Social\Game\MultiplayerPlatformer\MultiplayerPlatformer\Dependencies\Protobuf\Include\google/protobuf/descriptor.pb.h(3265): note: see declaration of 'google::protobuf::RepeatedPtrField<google::protobuf::UninterpretedOption_NamePart>'
D:\University Work\Year 3\Multiplayer and Social\Game\MultiplayerPlatformer\MultiplayerPlatformer\Dependencies\Protobuf\Include\google/protobuf/descriptor.pb.h(3503): warning C4251: 'google::protobuf::SourceCodeInfo_Location::path_': class 'google::protobuf::RepeatedField<google::protobuf::int32>' needs to have dll-interface to be used by clients of class 'google::protobuf::SourceCodeInfo_Location'
  D:\University Work\Year 3\Multiplayer and Social\Game\MultiplayerPlatformer\MultiplayerPlatformer\Dependencies\Protobuf\Include\google/protobuf/message.h(1080): note: see declaration of 'google::protobuf::RepeatedField<google::protobuf::int32>'
D:\University Work\Year 3\Multiplayer and Social\Game\MultiplayerPlatformer\MultiplayerPlatformer\Dependencies\Protobuf\Include\google/protobuf/descriptor.pb.h(3505): warning C4251: 'google::protobuf::SourceCodeInfo_Location::span_': class 'google::protobuf::RepeatedField<google::protobuf::int32>' needs to have dll-interface to be used by clients of class 'google::protobuf::SourceCodeInfo_Location'
  D:\University Work\Year 3\Multiplayer and Social\Game\MultiplayerPlatformer\MultiplayerPlatformer\Dependencies\Protobuf\Include\google/protobuf/message.h(1080): note: see declaration of 'google::protobuf::RepeatedField<google::protobuf::int32>'
D:\University Work\Year 3\Multiplayer and Social\Game\MultiplayerPlatformer\MultiplayerPlatformer\Dependencies\Protobuf\Include\google/protobuf/descriptor.pb.h(3509): warning C4251: 'google::protobuf::SourceCodeInfo_Location::leading_detached_comments_': class 'google::protobuf::RepeatedPtrField<std::string>' needs to have dll-interface to be used by clients of class 'google::protobuf::SourceCodeInfo_Location'
  D:\University Work\Year 3\Multiplayer and Social\Game\MultiplayerPlatformer\MultiplayerPlatformer\Dependencies\Protobuf\Include\google/protobuf/message.h(1098): note: see declaration of 'google::protobuf::RepeatedPtrField<std::string>'
D:\University Work\Year 3\Multiplayer and Social\Game\MultiplayerPlatformer\MultiplayerPlatformer\Dependencies\Protobuf\Include\google/protobuf/descriptor.pb.h(3607): warning C4251: 'google::protobuf::SourceCodeInfo::location_': class 'google::protobuf::RepeatedPtrField<google::protobuf::SourceCodeInfo_Location>' needs to have dll-interface to be used by clients of class 'google::protobuf::SourceCodeInfo'
  D:\University Work\Year 3\Multiplayer and Social\Game\MultiplayerPlatformer\MultiplayerPlatformer\Dependencies\Protobuf\Include\google/protobuf/descriptor.pb.h(3596): note: see declaration of 'google::protobuf::RepeatedPtrField<google::protobuf::SourceCodeInfo_Location>'
D:\University Work\Year 3\Multiplayer and Social\Game\MultiplayerPlatformer\MultiplayerPlatformer\Dependencies\Protobuf\Include\google/protobuf/descriptor.pb.h(3735): warning C4251: 'google::protobuf::GeneratedCodeInfo_Annotation::path_': class 'google::protobuf::RepeatedField<google::protobuf::int32>' needs to have dll-interface to be used by clients of class 'google::protobuf::GeneratedCodeInfo_Annotation'
  D:\University Work\Year 3\Multiplayer and Social\Game\MultiplayerPlatformer\MultiplayerPlatformer\Dependencies\Protobuf\Include\google/protobuf/message.h(1080): note: see declaration of 'google::protobuf::RepeatedField<google::protobuf::int32>'
D:\University Work\Year 3\Multiplayer and Social\Game\MultiplayerPlatformer\MultiplayerPlatformer\Dependencies\Protobuf\Include\google/protobuf/descriptor.pb.h(3837): warning C4251: 'google::protobuf::GeneratedCodeInfo::annotation_': class 'google::protobuf::RepeatedPtrField<google::protobuf::GeneratedCodeInfo_Annotation>' needs to have dll-interface to be used by clients of class 'google::protobuf::GeneratedCodeInfo'
  D:\University Work\Year 3\Multiplayer and Social\Game\MultiplayerPlatformer\MultiplayerPlatformer\Dependencies\Protobuf\Include\google/protobuf/descriptor.pb.h(3826): note: see declaration of 'google::protobuf::RepeatedPtrField<google::protobuf::GeneratedCodeInfo_Annotation>'
  GameState.cpp
GameState.cpp(288): warning C4244: 'initializing': conversion from 'float' to 'int', possible loss of data
GameState.cpp(294): warning C4244: '+=': conversion from 'float' to 'int', possible loss of data
GameState.cpp(299): warning C4244: 'initializing': conversion from 'unsigned int' to 'float', possible loss of data
GameState.cpp(299): warning C4244: 'initializing': conversion from 'unsigned int' to 'const float', possible loss of data
GameState.cpp(300): warning C4244: 'initializing': conversion from 'unsigned int' to 'float', possible loss of data
GameState.cpp(300): warning C4244: 'initializing': conversion from 'unsigned int' to 'const float', possible loss of data
  TCPNetwork.cpp
D:\University Work\Year 3\Multiplayer and Social\Game\MultiplayerPlatformer\MultiplayerPlatformer\Dependencies\Protobuf\Include\google/protobuf/stubs/logging.h(100): warning C4251: 'google::protobuf::internal::LogMessage::message_': class 'std::basic_string<char,std::char_traits<char>,std::allocator<char>>' needs to have dll-interface to be used by clients of class 'google::protobuf::internal::LogMessage'
  C:\Program Files (x86)\Microsoft Visual Studio 14.0\VC\include\xstring(2633): note: see declaration of 'std::basic_string<char,std::char_traits<char>,std::allocator<char>>'
D:\University Work\Year 3\Multiplayer and Social\Game\MultiplayerPlatformer\MultiplayerPlatformer\Dependencies\Protobuf\Include\google/protobuf/arena.h(555): warning C4251: 'google::protobuf::Arena::lifecycle_id_generator_': class 'google::protobuf::internal::SequenceNumber' needs to have dll-interface to be used by clients of class 'google::protobuf::Arena'
  D:\University Work\Year 3\Multiplayer and Social\Game\MultiplayerPlatformer\MultiplayerPlatformer\Dependencies\Protobuf\Include\google/protobuf/stubs/atomic_sequence_num.h(39): note: see declaration of 'google::protobuf::internal::SequenceNumber'
D:\University Work\Year 3\Multiplayer and Social\Game\MultiplayerPlatformer\MultiplayerPlatformer\Dependencies\Protobuf\Include\google/protobuf/arena.h(914): warning C4251: 'google::protobuf::Arena::options_': struct 'google::protobuf::ArenaOptions' needs to have dll-interface to be used by clients of class 'google::protobuf::Arena'
  D:\University Work\Year 3\Multiplayer and Social\Game\MultiplayerPlatformer\MultiplayerPlatformer\Dependencies\Protobuf\Include\google/protobuf/arena.h(88): note: see declaration of 'google::protobuf::ArenaOptions'
D:\University Work\Year 3\Multiplayer and Social\Game\MultiplayerPlatformer\MultiplayerPlatformer\Dependencies\Protobuf\Include\google/protobuf/descriptor.h(1626): warning C4251: 'google::protobuf::DescriptorPool::tables_': class 'google::protobuf::internal::scoped_ptr<google::protobuf::DescriptorPool::Tables>' needs to have dll-interface to be used by clients of class 'google::protobuf::DescriptorPool'
  D:\University Work\Year 3\Multiplayer and Social\Game\MultiplayerPlatformer\MultiplayerPlatformer\Dependencies\Protobuf\Include\google/protobuf/descriptor.h(1626): note: see declaration of 'google::protobuf::internal::scoped_ptr<google::protobuf::DescriptorPool::Tables>'
D:\University Work\Year 3\Multiplayer and Social\Game\MultiplayerPlatformer\MultiplayerPlatformer\Dependencies\Protobuf\Include\google/protobuf/descriptor.h(1631): warning C4251: 'google::protobuf::DescriptorPool::unused_import_track_files_': class 'std::set<std::string,std::less<_Kty>,std::allocator<_Ty>>' needs to have dll-interface to be used by clients of class 'google::protobuf::DescriptorPool'
          with
          [
              _Kty=std::string,
              _Ty=std::string
          ]
  D:\University Work\Year 3\Multiplayer and Social\Game\MultiplayerPlatformer\MultiplayerPlatformer\Dependencies\Protobuf\Include\google/protobuf/descriptor.h(1631): note: see declaration of 'std::set<std::string,std::less<_Kty>,std::allocator<_Ty>>'
          with
          [
              _Kty=std::string,
              _Ty=std::string
          ]
D:\University Work\Year 3\Multiplayer and Social\Game\MultiplayerPlatformer\MultiplayerPlatformer\Dependencies\Protobuf\Include\google/protobuf/extension_set.h(632): warning C4251: 'google::protobuf::internal::ExtensionSet::extensions_': class 'std::map<int,google::protobuf::internal::ExtensionSet::Extension,std::less<int>,std::allocator<std::pair<const _Kty,_Ty>>>' needs to have dll-interface to be used by clients of class 'google::protobuf::internal::ExtensionSet'
          with
          [
              _Kty=int,
              _Ty=google::protobuf::internal::ExtensionSet::Extension
          ]
  D:\University Work\Year 3\Multiplayer and Social\Game\MultiplayerPlatformer\MultiplayerPlatformer\Dependencies\Protobuf\Include\google/protobuf/extension_set.h(561): note: see declaration of 'std::map<int,google::protobuf::internal::ExtensionSet::Extension,std::less<int>,std::allocator<std::pair<const _Kty,_Ty>>>'
          with
          [
              _Kty=int,
              _Ty=google::protobuf::internal::ExtensionSet::Extension
          ]
TCPNetwork.cpp(173): warning C4244: 'initializing': conversion from 'std::streamoff' to 'unsigned int', possible loss of data
  main.cpp
  Generating code
d:\university work\year 3\multiplayer and social\game\multiplayerplatformer\multiplayerplatformer\multiplayerplatformer\tcpnetwork.cpp(280): warning C4715: 'TCPNetwork::receiveData': not all control paths return a value
  102 of 795 functions (12.8%) were compiled, the rest were copied from previous compilation.
    61 functions were new in current compilation
    108 functions had inline decision re-evaluated but remain unchanged
  Finished generating code
  MultiplayerPlatformer.vcxproj -> D:\University Work\Year 3\Multiplayer and Social\Game\MultiplayerPlatformer\MultiplayerPlatformer\Release\MultiplayerPlatformer.exe
  MultiplayerPlatformer.vcxproj -> D:\University Work\Year 3\Multiplayer and Social\Game\MultiplayerPlatformer\MultiplayerPlatformer\Release\MultiplayerPlatformer.pdb (Full PDB)
